Traceback (most recent call last):
  File "/Users/wexler/miniconda3/envs/comp-prob-solv/lib/python3.10/site-packages/jupyter_cache/executors/utils.py", line 58, in single_nb_execution
    executenb(
  File "/Users/wexler/miniconda3/envs/comp-prob-solv/lib/python3.10/site-packages/nbclient/client.py", line 1314, in execute
    return NotebookClient(nb=nb, resources=resources, km=km, **kwargs).execute()
  File "/Users/wexler/miniconda3/envs/comp-prob-solv/lib/python3.10/site-packages/jupyter_core/utils/__init__.py", line 165, in wrapped
    return loop.run_until_complete(inner)
  File "/Users/wexler/miniconda3/envs/comp-prob-solv/lib/python3.10/asyncio/base_events.py", line 649, in run_until_complete
    return future.result()
  File "/Users/wexler/miniconda3/envs/comp-prob-solv/lib/python3.10/site-packages/nbclient/client.py", line 709, in async_execute
    await self.async_execute_cell(
  File "/Users/wexler/miniconda3/envs/comp-prob-solv/lib/python3.10/site-packages/nbclient/client.py", line 1062, in async_execute_cell
    await self._check_raise_for_error(cell, cell_index, exec_reply)
  File "/Users/wexler/miniconda3/envs/comp-prob-solv/lib/python3.10/site-packages/nbclient/client.py", line 918, in _check_raise_for_error
    raise CellExecutionError.from_cell_and_msg(cell, exec_reply_content)
nbclient.exceptions.CellExecutionError: An error occurred while executing the following cell:
------------------
# Free energy
A = -k_B * T * np.log(Z)

# Entropy
S = -np.gradient(A, T)

# Plotting free energy and entropy
fig, (ax1, ax2) = plt.subplots(1, 2, figsize=(12, 5))

# Plotting free energy
ax1.plot(T, A, color='red')
ax1.set_xlabel('Temperature (K)')
ax1.set_ylabel('Free Energy ($A$) (eV)')
ax1.set_title('Free Energy of Two-State System')
ax1.grid(True)

# Plotting entropy
ax2.plot(T, S, color='orange')
ax2.set_xlabel('Temperature (K)')
ax2.set_ylabel('Entropy ($S$) ($k_{\rm B}$)')
ax2.set_title('Entropy of Two-State System')
ax2.grid(True)

plt.tight_layout()
plt.show()
------------------

----- stdout -----
Error in callback <function _draw_all_if_interactive at 0x1114aa5f0> (for post_execute), with arguments args (),kwargs {}:
------------------

[0;31m---------------------------------------------------------------------------[0m
[0;31mValueError[0m                                Traceback (most recent call last)
File [0;32m~/miniconda3/envs/comp-prob-solv/lib/python3.10/site-packages/IPython/core/formatters.py:343[0m, in [0;36mBaseFormatter.__call__[0;34m(self, obj)[0m
[1;32m    341[0m     [38;5;28;01mpass[39;00m
[1;32m    342[0m [38;5;28;01melse[39;00m:
[0;32m--> 343[0m     [38;5;28;01mreturn[39;00m [43mprinter[49m[43m([49m[43mobj[49m[43m)[49m
[1;32m    344[0m [38;5;66;03m# Finally look for special method names[39;00m
[1;32m    345[0m method [38;5;241m=[39m get_real_method(obj, [38;5;28mself[39m[38;5;241m.[39mprint_method)

File [0;32m~/miniconda3/envs/comp-prob-solv/lib/python3.10/site-packages/IPython/core/pylabtools.py:170[0m, in [0;36mprint_figure[0;34m(fig, fmt, bbox_inches, base64, **kwargs)[0m
[1;32m    167[0m     [38;5;28;01mfrom[39;00m [38;5;21;01mmatplotlib[39;00m[38;5;21;01m.[39;00m[38;5;21;01mbackend_bases[39;00m [38;5;28;01mimport[39;00m FigureCanvasBase
[1;32m    168[0m     FigureCanvasBase(fig)
[0;32m--> 170[0m [43mfig[49m[38;5;241;43m.[39;49m[43mcanvas[49m[38;5;241;43m.[39;49m[43mprint_figure[49m[43m([49m[43mbytes_io[49m[43m,[49m[43m [49m[38;5;241;43m*[39;49m[38;5;241;43m*[39;49m[43mkw[49m[43m)[49m
[1;32m    171[0m data [38;5;241m=[39m bytes_io[38;5;241m.[39mgetvalue()
[1;32m    172[0m [38;5;28;01mif[39;00m fmt [38;5;241m==[39m [38;5;124m'[39m[38;5;124msvg[39m[38;5;124m'[39m:

File [0;32m~/miniconda3/envs/comp-prob-solv/lib/python3.10/site-packages/matplotlib/backend_bases.py:2175[0m, in [0;36mFigureCanvasBase.print_figure[0;34m(self, filename, dpi, facecolor, edgecolor, orientation, format, bbox_inches, pad_inches, bbox_extra_artists, backend, **kwargs)[0m
[1;32m   2172[0m     [38;5;66;03m# we do this instead of `self.figure.draw_without_rendering`[39;00m
[1;32m   2173[0m     [38;5;66;03m# so that we can inject the orientation[39;00m
[1;32m   2174[0m     [38;5;28;01mwith[39;00m [38;5;28mgetattr[39m(renderer, [38;5;124m"[39m[38;5;124m_draw_disabled[39m[38;5;124m"[39m, nullcontext)():
[0;32m-> 2175[0m         [38;5;28;43mself[39;49m[38;5;241;43m.[39;49m[43mfigure[49m[38;5;241;43m.[39;49m[43mdraw[49m[43m([49m[43mrenderer[49m[43m)[49m
[1;32m   2176[0m [38;5;28;01mif[39;00m bbox_inches:
[1;32m   2177[0m     [38;5;28;01mif[39;00m bbox_inches [38;5;241m==[39m [38;5;124m"[39m[38;5;124mtight[39m[38;5;124m"[39m:

File [0;32m~/miniconda3/envs/comp-prob-solv/lib/python3.10/site-packages/matplotlib/artist.py:95[0m, in [0;36m_finalize_rasterization.<locals>.draw_wrapper[0;34m(artist, renderer, *args, **kwargs)[0m
[1;32m     93[0m [38;5;129m@wraps[39m(draw)
[1;32m     94[0m [38;5;28;01mdef[39;00m [38;5;21mdraw_wrapper[39m(artist, renderer, [38;5;241m*[39margs, [38;5;241m*[39m[38;5;241m*[39mkwargs):
[0;32m---> 95[0m     result [38;5;241m=[39m [43mdraw[49m[43m([49m[43martist[49m[43m,[49m[43m [49m[43mrenderer[49m[43m,[49m[43m [49m[38;5;241;43m*[39;49m[43margs[49m[43m,[49m[43m [49m[38;5;241;43m*[39;49m[38;5;241;43m*[39;49m[43mkwargs[49m[43m)[49m
[1;32m     96[0m     [38;5;28;01mif[39;00m renderer[38;5;241m.[39m_rasterizing:
[1;32m     97[0m         renderer[38;5;241m.[39mstop_rasterizing()

File [0;32m~/miniconda3/envs/comp-prob-solv/lib/python3.10/site-packages/matplotlib/artist.py:72[0m, in [0;36mallow_rasterization.<locals>.draw_wrapper[0;34m(artist, renderer)[0m
[1;32m     69[0m     [38;5;28;01mif[39;00m artist[38;5;241m.[39mget_agg_filter() [38;5;129;01mis[39;00m [38;5;129;01mnot[39;00m [38;5;28;01mNone[39;00m:
[1;32m     70[0m         renderer[38;5;241m.[39mstart_filter()
[0;32m---> 72[0m     [38;5;28;01mreturn[39;00m [43mdraw[49m[43m([49m[43martist[49m[43m,[49m[43m [49m[43mrenderer[49m[43m)[49m
[1;32m     73[0m [38;5;28;01mfinally[39;00m:
[1;32m     74[0m     [38;5;28;01mif[39;00m artist[38;5;241m.[39mget_agg_filter() [38;5;129;01mis[39;00m [38;5;129;01mnot[39;00m [38;5;28;01mNone[39;00m:

File [0;32m~/miniconda3/envs/comp-prob-solv/lib/python3.10/site-packages/matplotlib/figure.py:3162[0m, in [0;36mFigure.draw[0;34m(self, renderer)[0m
[1;32m   3159[0m             [38;5;66;03m# ValueError can occur when resizing a window.[39;00m
[1;32m   3161[0m     [38;5;28mself[39m[38;5;241m.[39mpatch[38;5;241m.[39mdraw(renderer)
[0;32m-> 3162[0m     [43mmimage[49m[38;5;241;43m.[39;49m[43m_draw_list_compositing_images[49m[43m([49m
[1;32m   3163[0m [43m        [49m[43mrenderer[49m[43m,[49m[43m [49m[38;5;28;43mself[39;49m[43m,[49m[43m [49m[43martists[49m[43m,[49m[43m [49m[38;5;28;43mself[39;49m[38;5;241;43m.[39;49m[43msuppressComposite[49m[43m)[49m
[1;32m   3165[0m     renderer[38;5;241m.[39mclose_group([38;5;124m'[39m[38;5;124mfigure[39m[38;5;124m'[39m)
[1;32m   3166[0m [38;5;28;01mfinally[39;00m:

File [0;32m~/miniconda3/envs/comp-prob-solv/lib/python3.10/site-packages/matplotlib/image.py:132[0m, in [0;36m_draw_list_compositing_images[0;34m(renderer, parent, artists, suppress_composite)[0m
[1;32m    130[0m [38;5;28;01mif[39;00m not_composite [38;5;129;01mor[39;00m [38;5;129;01mnot[39;00m has_images:
[1;32m    131[0m     [38;5;28;01mfor[39;00m a [38;5;129;01min[39;00m artists:
[0;32m--> 132[0m         [43ma[49m[38;5;241;43m.[39;49m[43mdraw[49m[43m([49m[43mrenderer[49m[43m)[49m
[1;32m    133[0m [38;5;28;01melse[39;00m:
[1;32m    134[0m     [38;5;66;03m# Composite any adjacent images together[39;00m
[1;32m    135[0m     image_group [38;5;241m=[39m []

File [0;32m~/miniconda3/envs/comp-prob-solv/lib/python3.10/site-packages/matplotlib/artist.py:72[0m, in [0;36mallow_rasterization.<locals>.draw_wrapper[0;34m(artist, renderer)[0m
[1;32m     69[0m     [38;5;28;01mif[39;00m artist[38;5;241m.[39mget_agg_filter() [38;5;129;01mis[39;00m [38;5;129;01mnot[39;00m [38;5;28;01mNone[39;00m:
[1;32m     70[0m         renderer[38;5;241m.[39mstart_filter()
[0;32m---> 72[0m     [38;5;28;01mreturn[39;00m [43mdraw[49m[43m([49m[43martist[49m[43m,[49m[43m [49m[43mrenderer[49m[43m)[49m
[1;32m     73[0m [38;5;28;01mfinally[39;00m:
[1;32m     74[0m     [38;5;28;01mif[39;00m artist[38;5;241m.[39mget_agg_filter() [38;5;129;01mis[39;00m [38;5;129;01mnot[39;00m [38;5;28;01mNone[39;00m:

File [0;32m~/miniconda3/envs/comp-prob-solv/lib/python3.10/site-packages/matplotlib/axes/_base.py:3107[0m, in [0;36m_AxesBase.draw[0;34m(self, renderer)[0m
[1;32m   3104[0m     [38;5;28;01mfor[39;00m spine [38;5;129;01min[39;00m [38;5;28mself[39m[38;5;241m.[39mspines[38;5;241m.[39mvalues():
[1;32m   3105[0m         artists[38;5;241m.[39mremove(spine)
[0;32m-> 3107[0m [38;5;28;43mself[39;49m[38;5;241;43m.[39;49m[43m_update_title_position[49m[43m([49m[43mrenderer[49m[43m)[49m
[1;32m   3109[0m [38;5;28;01mif[39;00m [38;5;129;01mnot[39;00m [38;5;28mself[39m[38;5;241m.[39maxison:
[1;32m   3110[0m     [38;5;28;01mfor[39;00m _axis [38;5;129;01min[39;00m [38;5;28mself[39m[38;5;241m.[39m_axis_map[38;5;241m.[39mvalues():

File [0;32m~/miniconda3/envs/comp-prob-solv/lib/python3.10/site-packages/matplotlib/axes/_base.py:3051[0m, in [0;36m_AxesBase._update_title_position[0;34m(self, renderer)[0m
[1;32m   3049[0m top [38;5;241m=[39m [38;5;28mmax[39m(top, bb[38;5;241m.[39mymax)
[1;32m   3050[0m [38;5;28;01mif[39;00m title[38;5;241m.[39mget_text():
[0;32m-> 3051[0m     [43max[49m[38;5;241;43m.[39;49m[43myaxis[49m[38;5;241;43m.[39;49m[43mget_tightbbox[49m[43m([49m[43mrenderer[49m[43m)[49m  [38;5;66;03m# update offsetText[39;00m
[1;32m   3052[0m     [38;5;28;01mif[39;00m ax[38;5;241m.[39myaxis[38;5;241m.[39moffsetText[38;5;241m.[39mget_text():
[1;32m   3053[0m         bb [38;5;241m=[39m ax[38;5;241m.[39myaxis[38;5;241m.[39moffsetText[38;5;241m.[39mget_tightbbox(renderer)

File [0;32m~/miniconda3/envs/comp-prob-solv/lib/python3.10/site-packages/matplotlib/axis.py:1387[0m, in [0;36mAxis.get_tightbbox[0;34m(self, renderer, for_layout_only)[0m
[1;32m   1385[0m [38;5;66;03m# take care of label[39;00m
[1;32m   1386[0m [38;5;28;01mif[39;00m [38;5;28mself[39m[38;5;241m.[39mlabel[38;5;241m.[39mget_visible():
[0;32m-> 1387[0m     bb [38;5;241m=[39m [38;5;28;43mself[39;49m[38;5;241;43m.[39;49m[43mlabel[49m[38;5;241;43m.[39;49m[43mget_window_extent[49m[43m([49m[43mrenderer[49m[43m)[49m
[1;32m   1388[0m     [38;5;66;03m# for constrained/tight_layout, we want to ignore the label's[39;00m
[1;32m   1389[0m     [38;5;66;03m# width/height because the adjustments they make can't be improved.[39;00m
[1;32m   1390[0m     [38;5;66;03m# this code collapses the relevant direction[39;00m
[1;32m   1391[0m     [38;5;28;01mif[39;00m for_layout_only:

File [0;32m~/miniconda3/envs/comp-prob-solv/lib/python3.10/site-packages/matplotlib/text.py:959[0m, in [0;36mText.get_window_extent[0;34m(self, renderer, dpi)[0m
[1;32m    954[0m     [38;5;28;01mraise[39;00m [38;5;167;01mRuntimeError[39;00m(
[1;32m    955[0m         [38;5;124m"[39m[38;5;124mCannot get window extent of text w/o renderer. You likely [39m[38;5;124m"[39m
[1;32m    956[0m         [38;5;124m"[39m[38;5;124mwant to call [39m[38;5;124m'[39m[38;5;124mfigure.draw_without_rendering()[39m[38;5;124m'[39m[38;5;124m first.[39m[38;5;124m"[39m)
[1;32m    958[0m [38;5;28;01mwith[39;00m cbook[38;5;241m.[39m_setattr_cm([38;5;28mself[39m[38;5;241m.[39mfigure, dpi[38;5;241m=[39mdpi):
[0;32m--> 959[0m     bbox, info, descent [38;5;241m=[39m [38;5;28;43mself[39;49m[38;5;241;43m.[39;49m[43m_get_layout[49m[43m([49m[38;5;28;43mself[39;49m[38;5;241;43m.[39;49m[43m_renderer[49m[43m)[49m
[1;32m    960[0m     x, y [38;5;241m=[39m [38;5;28mself[39m[38;5;241m.[39mget_unitless_position()
[1;32m    961[0m     x, y [38;5;241m=[39m [38;5;28mself[39m[38;5;241m.[39mget_transform()[38;5;241m.[39mtransform((x, y))

File [0;32m~/miniconda3/envs/comp-prob-solv/lib/python3.10/site-packages/matplotlib/text.py:381[0m, in [0;36mText._get_layout[0;34m(self, renderer)[0m
[1;32m    379[0m clean_line, ismath [38;5;241m=[39m [38;5;28mself[39m[38;5;241m.[39m_preprocess_math(line)
[1;32m    380[0m [38;5;28;01mif[39;00m clean_line:
[0;32m--> 381[0m     w, h, d [38;5;241m=[39m [43m_get_text_metrics_with_cache[49m[43m([49m
[1;32m    382[0m [43m        [49m[43mrenderer[49m[43m,[49m[43m [49m[43mclean_line[49m[43m,[49m[43m [49m[38;5;28;43mself[39;49m[38;5;241;43m.[39;49m[43m_fontproperties[49m[43m,[49m
[1;32m    383[0m [43m        [49m[43mismath[49m[38;5;241;43m=[39;49m[43mismath[49m[43m,[49m[43m [49m[43mdpi[49m[38;5;241;43m=[39;49m[38;5;28;43mself[39;49m[38;5;241;43m.[39;49m[43mfigure[49m[38;5;241;43m.[39;49m[43mdpi[49m[43m)[49m
[1;32m    384[0m [38;5;28;01melse[39;00m:
[1;32m    385[0m     w [38;5;241m=[39m h [38;5;241m=[39m d [38;5;241m=[39m [38;5;241m0[39m

File [0;32m~/miniconda3/envs/comp-prob-solv/lib/python3.10/site-packages/matplotlib/text.py:69[0m, in [0;36m_get_text_metrics_with_cache[0;34m(renderer, text, fontprop, ismath, dpi)[0m
[1;32m     66[0m [38;5;250m[39m[38;5;124;03m"""Call ``renderer.get_text_width_height_descent``, caching the results."""[39;00m
[1;32m     67[0m [38;5;66;03m# Cached based on a copy of fontprop so that later in-place mutations of[39;00m
[1;32m     68[0m [38;5;66;03m# the passed-in argument do not mess up the cache.[39;00m
[0;32m---> 69[0m [38;5;28;01mreturn[39;00m [43m_get_text_metrics_with_cache_impl[49m[43m([49m
[1;32m     70[0m [43m    [49m[43mweakref[49m[38;5;241;43m.[39;49m[43mref[49m[43m([49m[43mrenderer[49m[43m)[49m[43m,[49m[43m [49m[43mtext[49m[43m,[49m[43m [49m[43mfontprop[49m[38;5;241;43m.[39;49m[43mcopy[49m[43m([49m[43m)[49m[43m,[49m[43m [49m[43mismath[49m[43m,[49m[43m [49m[43mdpi[49m[43m)[49m

File [0;32m~/miniconda3/envs/comp-prob-solv/lib/python3.10/site-packages/matplotlib/text.py:77[0m, in [0;36m_get_text_metrics_with_cache_impl[0;34m(renderer_ref, text, fontprop, ismath, dpi)[0m
[1;32m     73[0m [38;5;129m@functools[39m[38;5;241m.[39mlru_cache([38;5;241m4096[39m)
[1;32m     74[0m [38;5;28;01mdef[39;00m [38;5;21m_get_text_metrics_with_cache_impl[39m(
[1;32m     75[0m         renderer_ref, text, fontprop, ismath, dpi):
[1;32m     76[0m     [38;5;66;03m# dpi is unused, but participates in cache invalidation (via the renderer).[39;00m
[0;32m---> 77[0m     [38;5;28;01mreturn[39;00m [43mrenderer_ref[49m[43m([49m[43m)[49m[38;5;241;43m.[39;49m[43mget_text_width_height_descent[49m[43m([49m[43mtext[49m[43m,[49m[43m [49m[43mfontprop[49m[43m,[49m[43m [49m[43mismath[49m[43m)[49m

File [0;32m~/miniconda3/envs/comp-prob-solv/lib/python3.10/site-packages/matplotlib/backends/backend_agg.py:216[0m, in [0;36mRendererAgg.get_text_width_height_descent[0;34m(self, s, prop, ismath)[0m
[1;32m    212[0m     [38;5;28;01mreturn[39;00m [38;5;28msuper[39m()[38;5;241m.[39mget_text_width_height_descent(s, prop, ismath)
[1;32m    214[0m [38;5;28;01mif[39;00m ismath:
[1;32m    215[0m     ox, oy, width, height, descent, font_image [38;5;241m=[39m \
[0;32m--> 216[0m         [38;5;28;43mself[39;49m[38;5;241;43m.[39;49m[43mmathtext_parser[49m[38;5;241;43m.[39;49m[43mparse[49m[43m([49m[43ms[49m[43m,[49m[43m [49m[38;5;28;43mself[39;49m[38;5;241;43m.[39;49m[43mdpi[49m[43m,[49m[43m [49m[43mprop[49m[43m)[49m
[1;32m    217[0m     [38;5;28;01mreturn[39;00m width, height, descent
[1;32m    219[0m font [38;5;241m=[39m [38;5;28mself[39m[38;5;241m.[39m_prepare_font(prop)

File [0;32m~/miniconda3/envs/comp-prob-solv/lib/python3.10/site-packages/matplotlib/mathtext.py:79[0m, in [0;36mMathTextParser.parse[0;34m(self, s, dpi, prop, antialiased)[0m
[1;32m     77[0m prop [38;5;241m=[39m prop[38;5;241m.[39mcopy() [38;5;28;01mif[39;00m prop [38;5;129;01mis[39;00m [38;5;129;01mnot[39;00m [38;5;28;01mNone[39;00m [38;5;28;01melse[39;00m [38;5;28;01mNone[39;00m
[1;32m     78[0m antialiased [38;5;241m=[39m mpl[38;5;241m.[39m_val_or_rc(antialiased, [38;5;124m'[39m[38;5;124mtext.antialiased[39m[38;5;124m'[39m)
[0;32m---> 79[0m [38;5;28;01mreturn[39;00m [38;5;28;43mself[39;49m[38;5;241;43m.[39;49m[43m_parse_cached[49m[43m([49m[43ms[49m[43m,[49m[43m [49m[43mdpi[49m[43m,[49m[43m [49m[43mprop[49m[43m,[49m[43m [49m[43mantialiased[49m[43m)[49m

File [0;32m~/miniconda3/envs/comp-prob-solv/lib/python3.10/site-packages/matplotlib/mathtext.py:100[0m, in [0;36mMathTextParser._parse_cached[0;34m(self, s, dpi, prop, antialiased)[0m
[1;32m     97[0m [38;5;28;01mif[39;00m [38;5;28mself[39m[38;5;241m.[39m_parser [38;5;129;01mis[39;00m [38;5;28;01mNone[39;00m:  [38;5;66;03m# Cache the parser globally.[39;00m
[1;32m     98[0m     [38;5;28mself[39m[38;5;241m.[39m[38;5;18m__class__[39m[38;5;241m.[39m_parser [38;5;241m=[39m _mathtext[38;5;241m.[39mParser()
[0;32m--> 100[0m box [38;5;241m=[39m [38;5;28;43mself[39;49m[38;5;241;43m.[39;49m[43m_parser[49m[38;5;241;43m.[39;49m[43mparse[49m[43m([49m[43ms[49m[43m,[49m[43m [49m[43mfontset[49m[43m,[49m[43m [49m[43mfontsize[49m[43m,[49m[43m [49m[43mdpi[49m[43m)[49m
[1;32m    101[0m output [38;5;241m=[39m _mathtext[38;5;241m.[39mship(box)
[1;32m    102[0m [38;5;28;01mif[39;00m [38;5;28mself[39m[38;5;241m.[39m_output_type [38;5;241m==[39m [38;5;124m"[39m[38;5;124mvector[39m[38;5;124m"[39m:

File [0;32m~/miniconda3/envs/comp-prob-solv/lib/python3.10/site-packages/matplotlib/_mathtext.py:2173[0m, in [0;36mParser.parse[0;34m(self, s, fonts_object, fontsize, dpi)[0m
[1;32m   2170[0m     result [38;5;241m=[39m [38;5;28mself[39m[38;5;241m.[39m_expression[38;5;241m.[39mparseString(s)
[1;32m   2171[0m [38;5;28;01mexcept[39;00m ParseBaseException [38;5;28;01mas[39;00m err:
[1;32m   2172[0m     [38;5;66;03m# explain becomes a plain method on pyparsing 3 (err.explain(0)).[39;00m
[0;32m-> 2173[0m     [38;5;28;01mraise[39;00m [38;5;167;01mValueError[39;00m([38;5;124m"[39m[38;5;130;01m\n[39;00m[38;5;124m"[39m [38;5;241m+[39m ParseException[38;5;241m.[39mexplain(err, [38;5;241m0[39m)) [38;5;28;01mfrom[39;00m [38;5;28;01mNone[39;00m
[1;32m   2174[0m [38;5;28mself[39m[38;5;241m.[39m_state_stack [38;5;241m=[39m []
[1;32m   2175[0m [38;5;28mself[39m[38;5;241m.[39m_in_subscript_or_superscript [38;5;241m=[39m [38;5;28;01mFalse[39;00m

[0;31mValueError[0m: 
Entropy ($S$) ($k_{m B}$)
               ^
ParseException: Expected end of text, found '$'  (at char 15), (line:1, col:16)

