Traceback (most recent call last):
  File "/Users/robertwexler/miniconda3/envs/comp-prob-solv/lib/python3.9/site-packages/jupyter_cache/executors/utils.py", line 58, in single_nb_execution
    executenb(
  File "/Users/robertwexler/miniconda3/envs/comp-prob-solv/lib/python3.9/site-packages/nbclient/client.py", line 1314, in execute
    return NotebookClient(nb=nb, resources=resources, km=km, **kwargs).execute()
  File "/Users/robertwexler/miniconda3/envs/comp-prob-solv/lib/python3.9/site-packages/jupyter_core/utils/__init__.py", line 165, in wrapped
    return loop.run_until_complete(inner)
  File "/Users/robertwexler/miniconda3/envs/comp-prob-solv/lib/python3.9/asyncio/base_events.py", line 647, in run_until_complete
    return future.result()
  File "/Users/robertwexler/miniconda3/envs/comp-prob-solv/lib/python3.9/site-packages/nbclient/client.py", line 709, in async_execute
    await self.async_execute_cell(
  File "/Users/robertwexler/miniconda3/envs/comp-prob-solv/lib/python3.9/site-packages/nbclient/client.py", line 1062, in async_execute_cell
    await self._check_raise_for_error(cell, cell_index, exec_reply)
  File "/Users/robertwexler/miniconda3/envs/comp-prob-solv/lib/python3.9/site-packages/nbclient/client.py", line 918, in _check_raise_for_error
    raise CellExecutionError.from_cell_and_msg(cell, exec_reply_content)
nbclient.exceptions.CellExecutionError: An error occurred while executing the following cell:
------------------
import matplotlib.pyplot as plt
from ase.visualize.plot import plot_atoms

# Plot the molecule
fig, ax = plt.subplots(figsize=(6, 6))
plot_atoms(atoms, ax, radii=0.5)
ax.set_title('CO Molecule')
plt.show()
------------------

----- stderr -----
/Users/robertwexler/.local/lib/python3.9/site-packages/scipy/__init__.py:155: UserWarning: A NumPy version >=1.18.5 and <1.25.0 is required for this version of SciPy (detected version 1.26.4
  warnings.warn(f"A NumPy version >={np_minversion} and <{np_maxversion}"
------------------

[0;31m---------------------------------------------------------------------------[0m
[0;31mImportError[0m                               Traceback (most recent call last)
Cell [0;32mIn[2], line 2[0m
[1;32m      1[0m [38;5;28;01mimport[39;00m [38;5;21;01mmatplotlib[39;00m[38;5;21;01m.[39;00m[38;5;21;01mpyplot[39;00m [38;5;28;01mas[39;00m [38;5;21;01mplt[39;00m
[0;32m----> 2[0m [38;5;28;01mfrom[39;00m [38;5;21;01mase[39;00m[38;5;21;01m.[39;00m[38;5;21;01mvisualize[39;00m[38;5;21;01m.[39;00m[38;5;21;01mplot[39;00m [38;5;28;01mimport[39;00m plot_atoms
[1;32m      4[0m [38;5;66;03m# Plot the molecule[39;00m
[1;32m      5[0m fig, ax [38;5;241m=[39m plt[38;5;241m.[39msubplots(figsize[38;5;241m=[39m([38;5;241m6[39m, [38;5;241m6[39m))

File [0;32m~/miniconda3/envs/comp-prob-solv/lib/python3.9/site-packages/ase/visualize/plot.py:1[0m
[0;32m----> 1[0m [38;5;28;01mfrom[39;00m [38;5;21;01mase[39;00m[38;5;21;01m.[39;00m[38;5;21;01mio[39;00m[38;5;21;01m.[39;00m[38;5;21;01mutils[39;00m [38;5;28;01mimport[39;00m PlottingVariables, make_patch_list
[1;32m      4[0m [38;5;28;01mclass[39;00m [38;5;21;01mMatplotlib[39;00m(PlottingVariables):
[1;32m      5[0m     [38;5;28;01mdef[39;00m [38;5;21m__init__[39m([38;5;28mself[39m, atoms, ax,
[1;32m      6[0m                  rotation[38;5;241m=[39m[38;5;124m'[39m[38;5;124m'[39m, radii[38;5;241m=[39m[38;5;28;01mNone[39;00m,
[1;32m      7[0m                  colors[38;5;241m=[39m[38;5;28;01mNone[39;00m, scale[38;5;241m=[39m[38;5;241m1[39m, offset[38;5;241m=[39m([38;5;241m0[39m, [38;5;241m0[39m), [38;5;241m*[39m[38;5;241m*[39mparameters):

File [0;32m~/miniconda3/envs/comp-prob-solv/lib/python3.9/site-packages/ase/io/__init__.py:4[0m
[1;32m      2[0m [38;5;28;01mfrom[39;00m [38;5;21;01mase[39;00m[38;5;21;01m.[39;00m[38;5;21;01mio[39;00m[38;5;21;01m.[39;00m[38;5;21;01mformats[39;00m [38;5;28;01mimport[39;00m iread, read, string2index, write
[1;32m      3[0m [38;5;28;01mfrom[39;00m [38;5;21;01mase[39;00m[38;5;21;01m.[39;00m[38;5;21;01mio[39;00m[38;5;21;01m.[39;00m[38;5;21;01mnetcdftrajectory[39;00m [38;5;28;01mimport[39;00m NetCDFTrajectory
[0;32m----> 4[0m [38;5;28;01mfrom[39;00m [38;5;21;01mase[39;00m[38;5;21;01m.[39;00m[38;5;21;01mio[39;00m[38;5;21;01m.[39;00m[38;5;21;01mtrajectory[39;00m [38;5;28;01mimport[39;00m PickleTrajectory, Trajectory
[1;32m      7[0m [38;5;28;01mclass[39;00m [38;5;21;01mParseError[39;00m([38;5;167;01mException[39;00m):
[1;32m      8[0m [38;5;250m    [39m[38;5;124;03m"""Parse error during reading of a file"""[39;00m

File [0;32m~/miniconda3/envs/comp-prob-solv/lib/python3.9/site-packages/ase/io/trajectory.py:15[0m
[1;32m     13[0m [38;5;28;01mfrom[39;00m [38;5;21;01mase[39;00m[38;5;21;01m.[39;00m[38;5;21;01mio[39;00m[38;5;21;01m.[39;00m[38;5;21;01mformats[39;00m [38;5;28;01mimport[39;00m is_compressed
[1;32m     14[0m [38;5;28;01mfrom[39;00m [38;5;21;01mase[39;00m[38;5;21;01m.[39;00m[38;5;21;01mio[39;00m[38;5;21;01m.[39;00m[38;5;21;01mjsonio[39;00m [38;5;28;01mimport[39;00m decode, encode
[0;32m---> 15[0m [38;5;28;01mfrom[39;00m [38;5;21;01mase[39;00m[38;5;21;01m.[39;00m[38;5;21;01mio[39;00m[38;5;21;01m.[39;00m[38;5;21;01mpickletrajectory[39;00m [38;5;28;01mimport[39;00m PickleTrajectory
[1;32m     16[0m [38;5;28;01mfrom[39;00m [38;5;21;01mase[39;00m[38;5;21;01m.[39;00m[38;5;21;01mparallel[39;00m [38;5;28;01mimport[39;00m world
[1;32m     17[0m [38;5;28;01mfrom[39;00m [38;5;21;01mase[39;00m[38;5;21;01m.[39;00m[38;5;21;01mutils[39;00m [38;5;28;01mimport[39;00m tokenize_version

File [0;32m~/miniconda3/envs/comp-prob-solv/lib/python3.9/site-packages/ase/io/pickletrajectory.py:13[0m
[1;32m     11[0m [38;5;28;01mfrom[39;00m [38;5;21;01mase[39;00m[38;5;21;01m.[39;00m[38;5;21;01mcalculators[39;00m[38;5;21;01m.[39;00m[38;5;21;01mcalculator[39;00m [38;5;28;01mimport[39;00m PropertyNotImplementedError
[1;32m     12[0m [38;5;28;01mfrom[39;00m [38;5;21;01mase[39;00m[38;5;21;01m.[39;00m[38;5;21;01mcalculators[39;00m[38;5;21;01m.[39;00m[38;5;21;01msinglepoint[39;00m [38;5;28;01mimport[39;00m SinglePointCalculator
[0;32m---> 13[0m [38;5;28;01mfrom[39;00m [38;5;21;01mase[39;00m[38;5;21;01m.[39;00m[38;5;21;01mconstraints[39;00m [38;5;28;01mimport[39;00m FixAtoms
[1;32m     14[0m [38;5;28;01mfrom[39;00m [38;5;21;01mase[39;00m[38;5;21;01m.[39;00m[38;5;21;01mparallel[39;00m [38;5;28;01mimport[39;00m barrier, world
[1;32m     17[0m [38;5;28;01mclass[39;00m [38;5;21;01mPickleTrajectory[39;00m:

File [0;32m~/miniconda3/envs/comp-prob-solv/lib/python3.9/site-packages/ase/constraints.py:16[0m
[1;32m     11[0m [38;5;28;01mfrom[39;00m [38;5;21;01mase[39;00m[38;5;21;01m.[39;00m[38;5;21;01mfilters[39;00m [38;5;28;01mimport[39;00m UnitCellFilter [38;5;28;01mas[39;00m UnitCellFilterOld
[1;32m     12[0m [38;5;28;01mfrom[39;00m [38;5;21;01mase[39;00m[38;5;21;01m.[39;00m[38;5;21;01mgeometry[39;00m [38;5;28;01mimport[39;00m (conditional_find_mic, find_mic, get_angles,
[1;32m     13[0m                           get_angles_derivatives, get_dihedrals,
[1;32m     14[0m                           get_dihedrals_derivatives, get_distances_derivatives,
[1;32m     15[0m                           wrap_positions)
[0;32m---> 16[0m [38;5;28;01mfrom[39;00m [38;5;21;01mase[39;00m[38;5;21;01m.[39;00m[38;5;21;01mspacegroup[39;00m[38;5;21;01m.[39;00m[38;5;21;01msymmetrize[39;00m [38;5;28;01mimport[39;00m (prep_symmetry, refine_symmetry,
[1;32m     17[0m                                        symmetrize_rank1, symmetrize_rank2)
[1;32m     18[0m [38;5;28;01mfrom[39;00m [38;5;21;01mase[39;00m[38;5;21;01m.[39;00m[38;5;21;01mstress[39;00m [38;5;28;01mimport[39;00m full_3x3_to_voigt_6_stress, voigt_6_to_full_3x3_stress
[1;32m     19[0m [38;5;28;01mfrom[39;00m [38;5;21;01mase[39;00m[38;5;21;01m.[39;00m[38;5;21;01mutils[39;00m [38;5;28;01mimport[39;00m deprecated

File [0;32m~/miniconda3/envs/comp-prob-solv/lib/python3.9/site-packages/ase/spacegroup/__init__.py:4[0m
[1;32m      1[0m [38;5;28;01mfrom[39;00m [38;5;21;01mase[39;00m[38;5;21;01m.[39;00m[38;5;21;01mspacegroup[39;00m[38;5;21;01m.[39;00m[38;5;21;01mcrystal_data[39;00m [38;5;28;01mimport[39;00m (get_bravais_class, get_point_group,
[1;32m      2[0m                                          polar_space_group)
[1;32m      3[0m [38;5;28;01mfrom[39;00m [38;5;21;01mase[39;00m[38;5;21;01m.[39;00m[38;5;21;01mspacegroup[39;00m[38;5;21;01m.[39;00m[38;5;21;01mspacegroup[39;00m [38;5;28;01mimport[39;00m Spacegroup, get_spacegroup
[0;32m----> 4[0m [38;5;28;01mfrom[39;00m [38;5;21;01mase[39;00m[38;5;21;01m.[39;00m[38;5;21;01mspacegroup[39;00m[38;5;21;01m.[39;00m[38;5;21;01mxtal[39;00m [38;5;28;01mimport[39;00m crystal
[1;32m      6[0m [38;5;28;01mfrom[39;00m [38;5;21;01m.[39;00m[38;5;21;01mutils[39;00m [38;5;28;01mimport[39;00m get_basis
[1;32m      8[0m __all__ [38;5;241m=[39m [
[1;32m      9[0m     [38;5;124m'[39m[38;5;124mSpacegroup[39m[38;5;124m'[39m,
[1;32m     10[0m     [38;5;124m'[39m[38;5;124mcrystal[39m[38;5;124m'[39m,
[0;32m   (...)[0m
[1;32m     15[0m     [38;5;124m'[39m[38;5;124mget_basis[39m[38;5;124m'[39m,
[1;32m     16[0m ]

File [0;32m~/miniconda3/envs/comp-prob-solv/lib/python3.9/site-packages/ase/spacegroup/xtal.py:13[0m
[1;32m     10[0m [38;5;28;01mfrom[39;00m [38;5;21;01mtyping[39;00m [38;5;28;01mimport[39;00m Any, Dict
[1;32m     12[0m [38;5;28;01mimport[39;00m [38;5;21;01mnumpy[39;00m [38;5;28;01mas[39;00m [38;5;21;01mnp[39;00m
[0;32m---> 13[0m [38;5;28;01mfrom[39;00m [38;5;21;01mscipy[39;00m [38;5;28;01mimport[39;00m spatial
[1;32m     15[0m [38;5;28;01mimport[39;00m [38;5;21;01mase[39;00m
[1;32m     16[0m [38;5;28;01mfrom[39;00m [38;5;21;01mase[39;00m[38;5;21;01m.[39;00m[38;5;21;01mgeometry[39;00m [38;5;28;01mimport[39;00m cellpar_to_cell

File [0;32m~/.local/lib/python3.9/site-packages/scipy/__init__.py:211[0m, in [0;36m__getattr__[0;34m(name)[0m
[1;32m    209[0m [38;5;28;01mdef[39;00m [38;5;21m__getattr__[39m(name):
[1;32m    210[0m     [38;5;28;01mif[39;00m name [38;5;129;01min[39;00m submodules:
[0;32m--> 211[0m         [38;5;28;01mreturn[39;00m [43m_importlib[49m[38;5;241;43m.[39;49m[43mimport_module[49m[43m([49m[38;5;124;43mf[39;49m[38;5;124;43m'[39;49m[38;5;124;43mscipy.[39;49m[38;5;132;43;01m{[39;49;00m[43mname[49m[38;5;132;43;01m}[39;49;00m[38;5;124;43m'[39;49m[43m)[49m
[1;32m    212[0m     [38;5;28;01melse[39;00m:
[1;32m    213[0m         [38;5;28;01mtry[39;00m:

File [0;32m~/miniconda3/envs/comp-prob-solv/lib/python3.9/importlib/__init__.py:127[0m, in [0;36mimport_module[0;34m(name, package)[0m
[1;32m    125[0m             [38;5;28;01mbreak[39;00m
[1;32m    126[0m         level [38;5;241m+[39m[38;5;241m=[39m [38;5;241m1[39m
[0;32m--> 127[0m [38;5;28;01mreturn[39;00m [43m_bootstrap[49m[38;5;241;43m.[39;49m[43m_gcd_import[49m[43m([49m[43mname[49m[43m[[49m[43mlevel[49m[43m:[49m[43m][49m[43m,[49m[43m [49m[43mpackage[49m[43m,[49m[43m [49m[43mlevel[49m[43m)[49m

File [0;32m~/.local/lib/python3.9/site-packages/scipy/spatial/__init__.py:111[0m
[1;32m    109[0m [38;5;28;01mfrom[39;00m [38;5;21;01m.[39;00m[38;5;21;01m_plotutils[39;00m [38;5;28;01mimport[39;00m [38;5;241m*[39m
[1;32m    110[0m [38;5;28;01mfrom[39;00m [38;5;21;01m.[39;00m[38;5;21;01m_procrustes[39;00m [38;5;28;01mimport[39;00m procrustes
[0;32m--> 111[0m [38;5;28;01mfrom[39;00m [38;5;21;01m.[39;00m[38;5;21;01m_geometric_slerp[39;00m [38;5;28;01mimport[39;00m geometric_slerp
[1;32m    113[0m [38;5;66;03m# Deprecated namespaces, to be removed in v2.0.0[39;00m
[1;32m    114[0m [38;5;28;01mfrom[39;00m [38;5;21;01m.[39;00m [38;5;28;01mimport[39;00m ckdtree, kdtree, qhull

File [0;32m~/.local/lib/python3.9/site-packages/scipy/spatial/_geometric_slerp.py:9[0m
[1;32m      6[0m [38;5;28;01mfrom[39;00m [38;5;21;01mtyping[39;00m [38;5;28;01mimport[39;00m TYPE_CHECKING
[1;32m      8[0m [38;5;28;01mimport[39;00m [38;5;21;01mnumpy[39;00m [38;5;28;01mas[39;00m [38;5;21;01mnp[39;00m
[0;32m----> 9[0m [38;5;28;01mfrom[39;00m [38;5;21;01mscipy[39;00m[38;5;21;01m.[39;00m[38;5;21;01mspatial[39;00m[38;5;21;01m.[39;00m[38;5;21;01mdistance[39;00m [38;5;28;01mimport[39;00m euclidean
[1;32m     11[0m [38;5;28;01mif[39;00m TYPE_CHECKING:
[1;32m     12[0m     [38;5;28;01mimport[39;00m [38;5;21;01mnumpy[39;00m[38;5;21;01m.[39;00m[38;5;21;01mtyping[39;00m [38;5;28;01mas[39;00m [38;5;21;01mnpt[39;00m

File [0;32m~/.local/lib/python3.9/site-packages/scipy/spatial/distance.py:121[0m
[1;32m    119[0m [38;5;28;01mfrom[39;00m [38;5;21;01m.[39;00m [38;5;28;01mimport[39;00m _hausdorff
[1;32m    120[0m [38;5;28;01mfrom[39;00m [38;5;21;01m.[39;00m[38;5;21;01m.[39;00m[38;5;21;01mlinalg[39;00m [38;5;28;01mimport[39;00m norm
[0;32m--> 121[0m [38;5;28;01mfrom[39;00m [38;5;21;01m.[39;00m[38;5;21;01m.[39;00m[38;5;21;01mspecial[39;00m [38;5;28;01mimport[39;00m rel_entr
[1;32m    123[0m [38;5;28;01mfrom[39;00m [38;5;21;01m.[39;00m [38;5;28;01mimport[39;00m _distance_pybind
[1;32m    125[0m [38;5;28;01mfrom[39;00m [38;5;21;01m.[39;00m[38;5;21;01m.[39;00m[38;5;21;01m_lib[39;00m[38;5;21;01m.[39;00m[38;5;21;01mdeprecation[39;00m [38;5;28;01mimport[39;00m _deprecated

File [0;32m~/.local/lib/python3.9/site-packages/scipy/special/__init__.py:649[0m
[1;32m      1[0m [38;5;124;03m"""[39;00m
[1;32m      2[0m [38;5;124;03m========================================[39;00m
[1;32m      3[0m [38;5;124;03mSpecial functions (:mod:`scipy.special`)[39;00m
[0;32m   (...)[0m
[1;32m    644[0m 
[1;32m    645[0m [38;5;124;03m"""[39;00m
[1;32m    647[0m [38;5;28;01mfrom[39;00m [38;5;21;01m.[39;00m[38;5;21;01m_sf_error[39;00m [38;5;28;01mimport[39;00m SpecialFunctionWarning, SpecialFunctionError
[0;32m--> 649[0m [38;5;28;01mfrom[39;00m [38;5;21;01m.[39;00m [38;5;28;01mimport[39;00m _ufuncs
[1;32m    650[0m [38;5;28;01mfrom[39;00m [38;5;21;01m.[39;00m[38;5;21;01m_ufuncs[39;00m [38;5;28;01mimport[39;00m [38;5;241m*[39m
[1;32m    652[0m [38;5;28;01mfrom[39;00m [38;5;21;01m.[39;00m [38;5;28;01mimport[39;00m _basic

[0;31mImportError[0m: dlopen(/Users/robertwexler/.local/lib/python3.9/site-packages/scipy/special/_ufuncs.cpython-39-darwin.so, 0x0002): symbol not found in flat namespace '_npy_asinh'

