Traceback (most recent call last):
  File "/Users/robertwexler/miniconda3/envs/comp-prob-solv/lib/python3.9/site-packages/jupyter_cache/executors/utils.py", line 58, in single_nb_execution
    executenb(
  File "/Users/robertwexler/miniconda3/envs/comp-prob-solv/lib/python3.9/site-packages/nbclient/client.py", line 1314, in execute
    return NotebookClient(nb=nb, resources=resources, km=km, **kwargs).execute()
  File "/Users/robertwexler/miniconda3/envs/comp-prob-solv/lib/python3.9/site-packages/jupyter_core/utils/__init__.py", line 165, in wrapped
    return loop.run_until_complete(inner)
  File "/Users/robertwexler/miniconda3/envs/comp-prob-solv/lib/python3.9/asyncio/base_events.py", line 647, in run_until_complete
    return future.result()
  File "/Users/robertwexler/miniconda3/envs/comp-prob-solv/lib/python3.9/site-packages/nbclient/client.py", line 709, in async_execute
    await self.async_execute_cell(
  File "/Users/robertwexler/miniconda3/envs/comp-prob-solv/lib/python3.9/site-packages/nbclient/client.py", line 1062, in async_execute_cell
    await self._check_raise_for_error(cell, cell_index, exec_reply)
  File "/Users/robertwexler/miniconda3/envs/comp-prob-solv/lib/python3.9/site-packages/nbclient/client.py", line 918, in _check_raise_for_error
    raise CellExecutionError.from_cell_and_msg(cell, exec_reply_content)
nbclient.exceptions.CellExecutionError: An error occurred while executing the following cell:
------------------
from scipy.stats import expon

# Plot the integrand and the importance sampling distribution
x = np.linspace(0, 7, 100)
y = 0
z = 0
integrand = psi_1s(x + 0.5, y, z) * psi_1s(x - 0.5, y, z)
importance_sampling = expon.pdf(x)
plt.figure(figsize=(8, 6))
plt.plot(x, integrand, label='Integrand')
plt.plot(x, importance_sampling, label='Importance Sampling Distribution')
plt.xlabel('x')
plt.ylabel('Value')
plt.title('Integrand and Importance Sampling Distribution')
plt.legend()
plt.show()
------------------

----- stderr -----
/Users/robertwexler/.local/lib/python3.9/site-packages/scipy/__init__.py:155: UserWarning: A NumPy version >=1.18.5 and <1.25.0 is required for this version of SciPy (detected version 1.26.4
  warnings.warn(f"A NumPy version >={np_minversion} and <{np_maxversion}"
------------------

[0;31m---------------------------------------------------------------------------[0m
[0;31mImportError[0m                               Traceback (most recent call last)
Cell [0;32mIn[2], line 1[0m
[0;32m----> 1[0m [38;5;28;01mfrom[39;00m [38;5;21;01mscipy[39;00m[38;5;21;01m.[39;00m[38;5;21;01mstats[39;00m [38;5;28;01mimport[39;00m expon
[1;32m      3[0m [38;5;66;03m# Plot the integrand and the importance sampling distribution[39;00m
[1;32m      4[0m x [38;5;241m=[39m np[38;5;241m.[39mlinspace([38;5;241m0[39m, [38;5;241m7[39m, [38;5;241m100[39m)

File [0;32m~/.local/lib/python3.9/site-packages/scipy/stats/__init__.py:467[0m
[1;32m      1[0m [38;5;124;03m"""[39;00m
[1;32m      2[0m [38;5;124;03m.. _statsrefmanual:[39;00m
[1;32m      3[0m 
[0;32m   (...)[0m
[1;32m    462[0m 
[1;32m    463[0m [38;5;124;03m"""[39;00m
[1;32m    465[0m [38;5;28;01mfrom[39;00m [38;5;21;01m.[39;00m[38;5;21;01m_warnings_errors[39;00m [38;5;28;01mimport[39;00m (ConstantInputWarning, NearConstantInputWarning,
[1;32m    466[0m                                DegenerateDataWarning, FitError)
[0;32m--> 467[0m [38;5;28;01mfrom[39;00m [38;5;21;01m.[39;00m[38;5;21;01m_stats_py[39;00m [38;5;28;01mimport[39;00m [38;5;241m*[39m
[1;32m    468[0m [38;5;28;01mfrom[39;00m [38;5;21;01m.[39;00m[38;5;21;01m_variation[39;00m [38;5;28;01mimport[39;00m variation
[1;32m    469[0m [38;5;28;01mfrom[39;00m [38;5;21;01m.[39;00m[38;5;21;01mdistributions[39;00m [38;5;28;01mimport[39;00m [38;5;241m*[39m

File [0;32m~/.local/lib/python3.9/site-packages/scipy/stats/_stats_py.py:39[0m
[1;32m     36[0m [38;5;28;01mfrom[39;00m [38;5;21;01mnumpy[39;00m[38;5;21;01m.[39;00m[38;5;21;01mlib[39;00m [38;5;28;01mimport[39;00m NumpyVersion
[1;32m     37[0m [38;5;28;01mfrom[39;00m [38;5;21;01mnumpy[39;00m[38;5;21;01m.[39;00m[38;5;21;01mtesting[39;00m [38;5;28;01mimport[39;00m suppress_warnings
[0;32m---> 39[0m [38;5;28;01mfrom[39;00m [38;5;21;01mscipy[39;00m[38;5;21;01m.[39;00m[38;5;21;01mspatial[39;00m[38;5;21;01m.[39;00m[38;5;21;01mdistance[39;00m [38;5;28;01mimport[39;00m cdist
[1;32m     40[0m [38;5;28;01mfrom[39;00m [38;5;21;01mscipy[39;00m[38;5;21;01m.[39;00m[38;5;21;01mndimage[39;00m [38;5;28;01mimport[39;00m _measurements
[1;32m     41[0m [38;5;28;01mfrom[39;00m [38;5;21;01mscipy[39;00m[38;5;21;01m.[39;00m[38;5;21;01m_lib[39;00m[38;5;21;01m.[39;00m[38;5;21;01m_util[39;00m [38;5;28;01mimport[39;00m (check_random_state, MapWrapper,
[1;32m     42[0m                               rng_integers, _rename_parameter)

File [0;32m~/.local/lib/python3.9/site-packages/scipy/spatial/__init__.py:111[0m
[1;32m    109[0m [38;5;28;01mfrom[39;00m [38;5;21;01m.[39;00m[38;5;21;01m_plotutils[39;00m [38;5;28;01mimport[39;00m [38;5;241m*[39m
[1;32m    110[0m [38;5;28;01mfrom[39;00m [38;5;21;01m.[39;00m[38;5;21;01m_procrustes[39;00m [38;5;28;01mimport[39;00m procrustes
[0;32m--> 111[0m [38;5;28;01mfrom[39;00m [38;5;21;01m.[39;00m[38;5;21;01m_geometric_slerp[39;00m [38;5;28;01mimport[39;00m geometric_slerp
[1;32m    113[0m [38;5;66;03m# Deprecated namespaces, to be removed in v2.0.0[39;00m
[1;32m    114[0m [38;5;28;01mfrom[39;00m [38;5;21;01m.[39;00m [38;5;28;01mimport[39;00m ckdtree, kdtree, qhull

File [0;32m~/.local/lib/python3.9/site-packages/scipy/spatial/_geometric_slerp.py:9[0m
[1;32m      6[0m [38;5;28;01mfrom[39;00m [38;5;21;01mtyping[39;00m [38;5;28;01mimport[39;00m TYPE_CHECKING
[1;32m      8[0m [38;5;28;01mimport[39;00m [38;5;21;01mnumpy[39;00m [38;5;28;01mas[39;00m [38;5;21;01mnp[39;00m
[0;32m----> 9[0m [38;5;28;01mfrom[39;00m [38;5;21;01mscipy[39;00m[38;5;21;01m.[39;00m[38;5;21;01mspatial[39;00m[38;5;21;01m.[39;00m[38;5;21;01mdistance[39;00m [38;5;28;01mimport[39;00m euclidean
[1;32m     11[0m [38;5;28;01mif[39;00m TYPE_CHECKING:
[1;32m     12[0m     [38;5;28;01mimport[39;00m [38;5;21;01mnumpy[39;00m[38;5;21;01m.[39;00m[38;5;21;01mtyping[39;00m [38;5;28;01mas[39;00m [38;5;21;01mnpt[39;00m

File [0;32m~/.local/lib/python3.9/site-packages/scipy/spatial/distance.py:121[0m
[1;32m    119[0m [38;5;28;01mfrom[39;00m [38;5;21;01m.[39;00m [38;5;28;01mimport[39;00m _hausdorff
[1;32m    120[0m [38;5;28;01mfrom[39;00m [38;5;21;01m.[39;00m[38;5;21;01m.[39;00m[38;5;21;01mlinalg[39;00m [38;5;28;01mimport[39;00m norm
[0;32m--> 121[0m [38;5;28;01mfrom[39;00m [38;5;21;01m.[39;00m[38;5;21;01m.[39;00m[38;5;21;01mspecial[39;00m [38;5;28;01mimport[39;00m rel_entr
[1;32m    123[0m [38;5;28;01mfrom[39;00m [38;5;21;01m.[39;00m [38;5;28;01mimport[39;00m _distance_pybind
[1;32m    125[0m [38;5;28;01mfrom[39;00m [38;5;21;01m.[39;00m[38;5;21;01m.[39;00m[38;5;21;01m_lib[39;00m[38;5;21;01m.[39;00m[38;5;21;01mdeprecation[39;00m [38;5;28;01mimport[39;00m _deprecated

File [0;32m~/.local/lib/python3.9/site-packages/scipy/special/__init__.py:649[0m
[1;32m      1[0m [38;5;124;03m"""[39;00m
[1;32m      2[0m [38;5;124;03m========================================[39;00m
[1;32m      3[0m [38;5;124;03mSpecial functions (:mod:`scipy.special`)[39;00m
[0;32m   (...)[0m
[1;32m    644[0m 
[1;32m    645[0m [38;5;124;03m"""[39;00m
[1;32m    647[0m [38;5;28;01mfrom[39;00m [38;5;21;01m.[39;00m[38;5;21;01m_sf_error[39;00m [38;5;28;01mimport[39;00m SpecialFunctionWarning, SpecialFunctionError
[0;32m--> 649[0m [38;5;28;01mfrom[39;00m [38;5;21;01m.[39;00m [38;5;28;01mimport[39;00m _ufuncs
[1;32m    650[0m [38;5;28;01mfrom[39;00m [38;5;21;01m.[39;00m[38;5;21;01m_ufuncs[39;00m [38;5;28;01mimport[39;00m [38;5;241m*[39m
[1;32m    652[0m [38;5;28;01mfrom[39;00m [38;5;21;01m.[39;00m [38;5;28;01mimport[39;00m _basic

[0;31mImportError[0m: dlopen(/Users/robertwexler/.local/lib/python3.9/site-packages/scipy/special/_ufuncs.cpython-39-darwin.so, 0x0002): symbol not found in flat namespace '_npy_asinh'

