Traceback (most recent call last):
  File "/Users/robertwexler/miniconda3/envs/comp-prob-solv/lib/python3.12/site-packages/jupyter_cache/executors/utils.py", line 58, in single_nb_execution
    executenb(
  File "/Users/robertwexler/miniconda3/envs/comp-prob-solv/lib/python3.12/site-packages/nbclient/client.py", line 1314, in execute
    return NotebookClient(nb=nb, resources=resources, km=km, **kwargs).execute()
           ^^^^^^^^^^^^^^^^^^^^^^^^^^^^^^^^^^^^^^^^^^^^^^^^^^^^^^^^^^^^^^^^^^^^^
  File "/Users/robertwexler/miniconda3/envs/comp-prob-solv/lib/python3.12/site-packages/jupyter_core/utils/__init__.py", line 165, in wrapped
    return loop.run_until_complete(inner)
           ^^^^^^^^^^^^^^^^^^^^^^^^^^^^^^
  File "/Users/robertwexler/miniconda3/envs/comp-prob-solv/lib/python3.12/asyncio/base_events.py", line 687, in run_until_complete
    return future.result()
           ^^^^^^^^^^^^^^^
  File "/Users/robertwexler/miniconda3/envs/comp-prob-solv/lib/python3.12/site-packages/nbclient/client.py", line 709, in async_execute
    await self.async_execute_cell(
  File "/Users/robertwexler/miniconda3/envs/comp-prob-solv/lib/python3.12/site-packages/nbclient/client.py", line 1062, in async_execute_cell
    await self._check_raise_for_error(cell, cell_index, exec_reply)
  File "/Users/robertwexler/miniconda3/envs/comp-prob-solv/lib/python3.12/site-packages/nbclient/client.py", line 918, in _check_raise_for_error
    raise CellExecutionError.from_cell_and_msg(cell, exec_reply_content)
nbclient.exceptions.CellExecutionError: An error occurred while executing the following cell:
------------------
from scipy.stats import beta

# Number of random samples
N = 1000

# Parameters of the Beta distribution
alpha = 3
beta = 1

# Generate N random samples from the Beta distribution
x = np.random.beta(alpha, beta, size=N)

# Evaluate the numerator and denominator of the integrand
numerator = x**2
denominator = beta.pdf(x, alpha, beta)

# Estimate the integral using importance sampling
integral_estimate = np.mean(numerator / denominator)

# Print the result with a descriptive message
print(f"The estimated integral using importance sampling with {N} samples is: {integral_estimate:.6f}")
print(f"The exact value of the integral is: {1/3:.6f}")
------------------


[0;31m---------------------------------------------------------------------------[0m
[0;31mAttributeError[0m                            Traceback (most recent call last)
Cell [0;32mIn[2], line 15[0m
[1;32m     13[0m [38;5;66;03m# Evaluate the numerator and denominator of the integrand[39;00m
[1;32m     14[0m numerator [38;5;241m=[39m x[38;5;241m*[39m[38;5;241m*[39m[38;5;241m2[39m
[0;32m---> 15[0m denominator [38;5;241m=[39m [43mbeta[49m[38;5;241;43m.[39;49m[43mpdf[49m(x, alpha, beta)
[1;32m     17[0m [38;5;66;03m# Estimate the integral using importance sampling[39;00m
[1;32m     18[0m integral_estimate [38;5;241m=[39m np[38;5;241m.[39mmean(numerator [38;5;241m/[39m denominator)

[0;31mAttributeError[0m: 'int' object has no attribute 'pdf'

