Traceback (most recent call last):
  File "/Users/robertwexler/miniconda3/envs/comp-prob-solv/lib/python3.9/site-packages/jupyter_cache/executors/utils.py", line 58, in single_nb_execution
    executenb(
  File "/Users/robertwexler/miniconda3/envs/comp-prob-solv/lib/python3.9/site-packages/nbclient/client.py", line 1314, in execute
    return NotebookClient(nb=nb, resources=resources, km=km, **kwargs).execute()
  File "/Users/robertwexler/miniconda3/envs/comp-prob-solv/lib/python3.9/site-packages/jupyter_core/utils/__init__.py", line 165, in wrapped
    return loop.run_until_complete(inner)
  File "/Users/robertwexler/miniconda3/envs/comp-prob-solv/lib/python3.9/asyncio/base_events.py", line 647, in run_until_complete
    return future.result()
  File "/Users/robertwexler/miniconda3/envs/comp-prob-solv/lib/python3.9/site-packages/nbclient/client.py", line 709, in async_execute
    await self.async_execute_cell(
  File "/Users/robertwexler/miniconda3/envs/comp-prob-solv/lib/python3.9/site-packages/nbclient/client.py", line 1062, in async_execute_cell
    await self._check_raise_for_error(cell, cell_index, exec_reply)
  File "/Users/robertwexler/miniconda3/envs/comp-prob-solv/lib/python3.9/site-packages/nbclient/client.py", line 918, in _check_raise_for_error
    raise CellExecutionError.from_cell_and_msg(cell, exec_reply_content)
nbclient.exceptions.CellExecutionError: An error occurred while executing the following cell:
------------------
from scipy.optimize import minimize

# Define the objective function, which is the absolute value of the quadratic equation
def objective_function(x):
    return abs(x ** 2 - 3 * x + 2)

# Perform the minimization starting from an initial guess of x = 0
result = minimize(
    fun=objective_function,  # Objective function to minimize
    x0=0,                    # Initial guess
    method="Nelder-Mead",    # Optimization method
    tol=1e-6                 # Tolerance for convergence
)

print(result)
------------------

----- stderr -----
/Users/robertwexler/.local/lib/python3.9/site-packages/scipy/__init__.py:155: UserWarning: A NumPy version >=1.18.5 and <1.25.0 is required for this version of SciPy (detected version 1.26.4
  warnings.warn(f"A NumPy version >={np_minversion} and <{np_maxversion}"
------------------

[0;31m---------------------------------------------------------------------------[0m
[0;31mImportError[0m                               Traceback (most recent call last)
Cell [0;32mIn[2], line 1[0m
[0;32m----> 1[0m [38;5;28;01mfrom[39;00m [38;5;21;01mscipy[39;00m[38;5;21;01m.[39;00m[38;5;21;01moptimize[39;00m [38;5;28;01mimport[39;00m minimize
[1;32m      3[0m [38;5;66;03m# Define the objective function, which is the absolute value of the quadratic equation[39;00m
[1;32m      4[0m [38;5;28;01mdef[39;00m [38;5;21mobjective_function[39m(x):

File [0;32m~/.local/lib/python3.9/site-packages/scipy/optimize/__init__.py:421[0m
[1;32m    417[0m [38;5;28;01mfrom[39;00m [38;5;21;01m.[39;00m[38;5;21;01m_constraints[39;00m [38;5;28;01mimport[39;00m (NonlinearConstraint,
[1;32m    418[0m                            LinearConstraint,
[1;32m    419[0m                            Bounds)
[1;32m    420[0m [38;5;28;01mfrom[39;00m [38;5;21;01m.[39;00m[38;5;21;01m_hessian_update_strategy[39;00m [38;5;28;01mimport[39;00m HessianUpdateStrategy, BFGS, SR1
[0;32m--> 421[0m [38;5;28;01mfrom[39;00m [38;5;21;01m.[39;00m[38;5;21;01m_shgo[39;00m [38;5;28;01mimport[39;00m shgo
[1;32m    422[0m [38;5;28;01mfrom[39;00m [38;5;21;01m.[39;00m[38;5;21;01m_dual_annealing[39;00m [38;5;28;01mimport[39;00m dual_annealing
[1;32m    423[0m [38;5;28;01mfrom[39;00m [38;5;21;01m.[39;00m[38;5;21;01m_qap[39;00m [38;5;28;01mimport[39;00m quadratic_assignment

File [0;32m~/.local/lib/python3.9/site-packages/scipy/optimize/_shgo.py:9[0m
[1;32m      7[0m [38;5;28;01mimport[39;00m [38;5;21;01mlogging[39;00m
[1;32m      8[0m [38;5;28;01mimport[39;00m [38;5;21;01mwarnings[39;00m
[0;32m----> 9[0m [38;5;28;01mfrom[39;00m [38;5;21;01mscipy[39;00m [38;5;28;01mimport[39;00m spatial
[1;32m     10[0m [38;5;28;01mfrom[39;00m [38;5;21;01mscipy[39;00m[38;5;21;01m.[39;00m[38;5;21;01moptimize[39;00m [38;5;28;01mimport[39;00m OptimizeResult, minimize, Bounds
[1;32m     11[0m [38;5;28;01mfrom[39;00m [38;5;21;01mscipy[39;00m[38;5;21;01m.[39;00m[38;5;21;01moptimize[39;00m[38;5;21;01m.[39;00m[38;5;21;01m_constraints[39;00m [38;5;28;01mimport[39;00m new_bounds_to_old

File [0;32m~/.local/lib/python3.9/site-packages/scipy/__init__.py:211[0m, in [0;36m__getattr__[0;34m(name)[0m
[1;32m    209[0m [38;5;28;01mdef[39;00m [38;5;21m__getattr__[39m(name):
[1;32m    210[0m     [38;5;28;01mif[39;00m name [38;5;129;01min[39;00m submodules:
[0;32m--> 211[0m         [38;5;28;01mreturn[39;00m [43m_importlib[49m[38;5;241;43m.[39;49m[43mimport_module[49m[43m([49m[38;5;124;43mf[39;49m[38;5;124;43m'[39;49m[38;5;124;43mscipy.[39;49m[38;5;132;43;01m{[39;49;00m[43mname[49m[38;5;132;43;01m}[39;49;00m[38;5;124;43m'[39;49m[43m)[49m
[1;32m    212[0m     [38;5;28;01melse[39;00m:
[1;32m    213[0m         [38;5;28;01mtry[39;00m:

File [0;32m~/miniconda3/envs/comp-prob-solv/lib/python3.9/importlib/__init__.py:127[0m, in [0;36mimport_module[0;34m(name, package)[0m
[1;32m    125[0m             [38;5;28;01mbreak[39;00m
[1;32m    126[0m         level [38;5;241m+[39m[38;5;241m=[39m [38;5;241m1[39m
[0;32m--> 127[0m [38;5;28;01mreturn[39;00m [43m_bootstrap[49m[38;5;241;43m.[39;49m[43m_gcd_import[49m[43m([49m[43mname[49m[43m[[49m[43mlevel[49m[43m:[49m[43m][49m[43m,[49m[43m [49m[43mpackage[49m[43m,[49m[43m [49m[43mlevel[49m[43m)[49m

File [0;32m~/.local/lib/python3.9/site-packages/scipy/spatial/__init__.py:111[0m
[1;32m    109[0m [38;5;28;01mfrom[39;00m [38;5;21;01m.[39;00m[38;5;21;01m_plotutils[39;00m [38;5;28;01mimport[39;00m [38;5;241m*[39m
[1;32m    110[0m [38;5;28;01mfrom[39;00m [38;5;21;01m.[39;00m[38;5;21;01m_procrustes[39;00m [38;5;28;01mimport[39;00m procrustes
[0;32m--> 111[0m [38;5;28;01mfrom[39;00m [38;5;21;01m.[39;00m[38;5;21;01m_geometric_slerp[39;00m [38;5;28;01mimport[39;00m geometric_slerp
[1;32m    113[0m [38;5;66;03m# Deprecated namespaces, to be removed in v2.0.0[39;00m
[1;32m    114[0m [38;5;28;01mfrom[39;00m [38;5;21;01m.[39;00m [38;5;28;01mimport[39;00m ckdtree, kdtree, qhull

File [0;32m~/.local/lib/python3.9/site-packages/scipy/spatial/_geometric_slerp.py:9[0m
[1;32m      6[0m [38;5;28;01mfrom[39;00m [38;5;21;01mtyping[39;00m [38;5;28;01mimport[39;00m TYPE_CHECKING
[1;32m      8[0m [38;5;28;01mimport[39;00m [38;5;21;01mnumpy[39;00m [38;5;28;01mas[39;00m [38;5;21;01mnp[39;00m
[0;32m----> 9[0m [38;5;28;01mfrom[39;00m [38;5;21;01mscipy[39;00m[38;5;21;01m.[39;00m[38;5;21;01mspatial[39;00m[38;5;21;01m.[39;00m[38;5;21;01mdistance[39;00m [38;5;28;01mimport[39;00m euclidean
[1;32m     11[0m [38;5;28;01mif[39;00m TYPE_CHECKING:
[1;32m     12[0m     [38;5;28;01mimport[39;00m [38;5;21;01mnumpy[39;00m[38;5;21;01m.[39;00m[38;5;21;01mtyping[39;00m [38;5;28;01mas[39;00m [38;5;21;01mnpt[39;00m

File [0;32m~/.local/lib/python3.9/site-packages/scipy/spatial/distance.py:121[0m
[1;32m    119[0m [38;5;28;01mfrom[39;00m [38;5;21;01m.[39;00m [38;5;28;01mimport[39;00m _hausdorff
[1;32m    120[0m [38;5;28;01mfrom[39;00m [38;5;21;01m.[39;00m[38;5;21;01m.[39;00m[38;5;21;01mlinalg[39;00m [38;5;28;01mimport[39;00m norm
[0;32m--> 121[0m [38;5;28;01mfrom[39;00m [38;5;21;01m.[39;00m[38;5;21;01m.[39;00m[38;5;21;01mspecial[39;00m [38;5;28;01mimport[39;00m rel_entr
[1;32m    123[0m [38;5;28;01mfrom[39;00m [38;5;21;01m.[39;00m [38;5;28;01mimport[39;00m _distance_pybind
[1;32m    125[0m [38;5;28;01mfrom[39;00m [38;5;21;01m.[39;00m[38;5;21;01m.[39;00m[38;5;21;01m_lib[39;00m[38;5;21;01m.[39;00m[38;5;21;01mdeprecation[39;00m [38;5;28;01mimport[39;00m _deprecated

File [0;32m~/.local/lib/python3.9/site-packages/scipy/special/__init__.py:649[0m
[1;32m      1[0m [38;5;124;03m"""[39;00m
[1;32m      2[0m [38;5;124;03m========================================[39;00m
[1;32m      3[0m [38;5;124;03mSpecial functions (:mod:`scipy.special`)[39;00m
[0;32m   (...)[0m
[1;32m    644[0m 
[1;32m    645[0m [38;5;124;03m"""[39;00m
[1;32m    647[0m [38;5;28;01mfrom[39;00m [38;5;21;01m.[39;00m[38;5;21;01m_sf_error[39;00m [38;5;28;01mimport[39;00m SpecialFunctionWarning, SpecialFunctionError
[0;32m--> 649[0m [38;5;28;01mfrom[39;00m [38;5;21;01m.[39;00m [38;5;28;01mimport[39;00m _ufuncs
[1;32m    650[0m [38;5;28;01mfrom[39;00m [38;5;21;01m.[39;00m[38;5;21;01m_ufuncs[39;00m [38;5;28;01mimport[39;00m [38;5;241m*[39m
[1;32m    652[0m [38;5;28;01mfrom[39;00m [38;5;21;01m.[39;00m [38;5;28;01mimport[39;00m _basic

[0;31mImportError[0m: dlopen(/Users/robertwexler/.local/lib/python3.9/site-packages/scipy/special/_ufuncs.cpython-39-darwin.so, 0x0002): symbol not found in flat namespace '_npy_asinh'

